        -:    0:Source:cardtest4.c
        -:    0:Graph:cardtest4.gcno
        -:    0:Data:cardtest4.gcda
        -:    0:Runs:14
        -:    0:Programs:1
        -:    1:#include "dominion.h"
        -:    2:#include "dominion_helpers.h"
        -:    3:#include <stdio.h>
        -:    4:#include "rngs.h"
        -:    5:#include <stdlib.h>
        -:    6:#include <assert.h>
        -:    7:#include <math.h>
        -:    8:
function main called 14 returned 100% blocks executed 75%
        -:    9:int main (int argc, char** argv){
        -:   10:    
        -:   11:    //define variables
        -:   12:    struct gameState* curState;
        -:   13:    
       14:   14:    int k[10] = {adventurer, council_room, feast, gardens, mine, remodel, smithy, village, baron};
        -:   15:    
       14:   16:    int seed = 2;
       14:   17:    int result = 0;
       14:   18:    int fCount = 0;
       14:   19:    int bonus = 0;
        -:   20:    
        -:   21:    
       14:   22:    printf("\n********************************************************************\n");
       14:   23:    printf("********************************************************************\n\n");
       14:   24:    printf("                            CARD TEST 4                             \n");
       14:   25:    printf("                        Testing Card:  Feast                        \n\n");
       14:   26:    printf("********************************************************************\n");
       14:   27:    printf("********************************************************************\n\n\n");
        -:   28:    
       14:   29:    printf("\n************ TEST 1:  Verify card is used correctly  **************\n");
        -:   30:    
       14:   31:    curState = newGame();
       14:   32:    initializeGame(2, k, seed, curState);
        -:   33:    
       14:   34:    gainCard(feast, curState, 2, 2);
        -:   35:    
       14:   36:    result = cardEffect(feast, 0, 0, 0, curState, 0, &bonus);
        -:   37:    
       14:   38:    printf("    Expected result: 0\n");
        -:   39:    
       14:   40:    if (result == 0) {
branch  0 taken 14
branch  1 taken 0
       14:   41:        printf("    Actual result  : %d\n",result);
       14:   42:        printf("    PASSED!\n");
       14:   43:    }
        -:   44:    else{
    #####:   45:        printf("    Actual result  : %d\n",result);
    #####:   46:        printf("    FAILED\n");
        -:   47:        //increment fail count
    #####:   48:        fCount++;
        -:   49:    }
        -:   50:    
       14:   51:    printf("\n\n************************* TESTING COMPLETE *************************\n");
        -:   52:    
       14:   53:    if (fCount > 0){
branch  0 taken 0
branch  1 taken 14
    #####:   54:        printf("\n                      %d OF THE TESTS FAILED!\n\n", fCount);
    #####:   55:    }
        -:   56:    else
       14:   57:        printf("\n                      ALL TESTS WERE PASSED!!\n\n");
       14:   58:}
        -:   59:
        -:   60:
        -:   61:
        -:   62:
        -:   63:
