        -:    0:Source:unittest1.c
        -:    0:Graph:unittest1.gcno
        -:    0:Data:-
        -:    0:Runs:0
        -:    0:Programs:0
        -:    1:#include "dominion.h"
        -:    2:#include "dominion_helpers.h"
        -:    3:#include <stdio.h>
        -:    4:#include "rngs.h"
        -:    5:#include <stdlib.h>
        -:    6:#include <assert.h>
        -:    7:#include <math.h>
        -:    8:
function main called 0 returned 0% blocks executed 0%
        -:    9:int main (int argc, char** argv){
        -:   10:    
        -:   11:    //define variables
        -:   12:    struct gameState* curState;
        -:   13:    
    #####:   14:    int k[10] = {adventurer, council_room, feast, gardens, mine, remodel, smithy, village, baron};
    #####:   15:    int testK[10] = {adventurer, adventurer, feast, feast, mine, remodel, smithy, village, baron};
        -:   16:    
    #####:   17:    int seed = 2;
    #####:   18:    int curseCount = 0;
    #####:   19:    int playerCount = 0;
    #####:   20:    int result = 0;
    #####:   21:    int fCount = 0;
        -:   22:    
    #####:   23:    curState = newGame();
    #####:   24:    printf("\n********************************************************************\n");
    #####:   25:    printf("********************************************************************\n\n");
    #####:   26:    printf("                            UNIT TEST 1                             \n");
    #####:   27:    printf("                 Testing Function: initializeGame()                 \n\n");
    #####:   28:    printf("********************************************************************\n");
    #####:   29:    printf("********************************************************************\n\n\n");
        -:   30:    
    #####:   31:    printf("*********************** TEST 1: Zero Players ***********************\n");
        -:   32:    
    #####:   33:    result = initializeGame(0, k, seed, curState);
        -:   34:    
    #####:   35:    printf("    Expected result: -1\n");
        -:   36:
    #####:   37:    if (result == -1) {
branch  0 never executed
branch  1 never executed
    #####:   38:        printf("    Actual result  : %d\n",result);
    #####:   39:        printf("    PASSED!\n");
    #####:   40:    }
        -:   41:    else{
    #####:   42:        printf("    Actual result  : %d\n",result);
    #####:   43:        printf("    FAILED\n");
        -:   44:        //increment fail count
    #####:   45:        fCount++;
        -:   46:    }
        -:   47:    
    #####:   48:    printf("\n************* TEST 2:  5 Players (More than allowed) ***************\n");
        -:   49:    
    #####:   50:    printf("    Expected result: -1\n");
        -:   51:
        -:   52:    //reset variables
    #####:   53:    curState = newGame();
    #####:   54:    result = 0;
    #####:   55:    result = initializeGame(5, k, seed, curState);
        -:   56:    
    #####:   57:    if (result == -1) {
branch  0 never executed
branch  1 never executed
    #####:   58:        printf("    Actual result  : %d\n",result);
    #####:   59:        printf("    PASSED!\n");
    #####:   60:    }
        -:   61:    else{
    #####:   62:        printf("    Actual result  : %d\n",result);
    #####:   63:        printf("    FAILED\n");
        -:   64:        //increment fail count
    #####:   65:        fCount++;
        -:   66:    }
        -:   67:    
    #####:   68:    printf("\n**************** TEST 3: Multiples in Kingdom Cards ****************\n");
        -:   69:    
    #####:   70:    printf("    Expected result: -1\n");
        -:   71:    
        -:   72:    //reset variables
    #####:   73:    curState = newGame();
    #####:   74:    result = 0;
    #####:   75:    result = initializeGame(2, testK, seed, curState);
        -:   76:    
    #####:   77:    if (result == -1) {
branch  0 never executed
branch  1 never executed
    #####:   78:        printf("    Actual result  : %d\n",result);
    #####:   79:        printf("    PASSED!\n");
    #####:   80:    }
        -:   81:    else{
    #####:   82:        printf("    Actual result  : %d\n",result);
    #####:   83:        printf("    FAILED\n");
        -:   84:        //increment fail count
    #####:   85:        fCount++;
        -:   86:    }
        -:   87:    
    #####:   88:    printf("\n************** TEST 4:  Passing all useable variables **************\n");
        -:   89:    
    #####:   90:    printf("    Expected result: 0\n");
        -:   91:
        -:   92:    //reset variables
    #####:   93:    curState = newGame();
    #####:   94:    result = 0;
    #####:   95:    result = initializeGame(2, k, seed, curState);
        -:   96:    
    #####:   97:    if (result == -1) {
branch  0 never executed
branch  1 never executed
    #####:   98:        printf("    Actual result  : %d\n",result);
    #####:   99:        printf("    FAILED\n");
        -:  100:        //increment fail count
    #####:  101:        fCount++;
    #####:  102:    }
        -:  103:    else{
    #####:  104:        printf("    Actual result  : %d\n",result);
    #####:  105:        printf("    PASSED!\n");
        -:  106:    }
        -:  107:    
    #####:  108:    printf("\n*************** TEST 5: Confirming number of players ***************\n");
        -:  109:    
    #####:  110:    printf("    Expected result: 2\n");
        -:  111:    
        -:  112:    //reset variables
    #####:  113:    curState = newGame();
    #####:  114:    result = 0;
    #####:  115:    result = initializeGame(2, k, seed, curState);
    #####:  116:    playerCount = curState->numPlayers;
        -:  117:    
    #####:  118:    if (result == 0 && playerCount == 2){
branch  0 never executed
branch  1 never executed
branch  2 never executed
branch  3 never executed
    #####:  119:        printf("    Actual result  : %d\n",playerCount);
    #####:  120:        printf("    PASSED!\n");
    #####:  121:    }
        -:  122:    else {
    #####:  123:        printf("    Actual result  : %d\n",playerCount);
    #####:  124:        printf("    FAILED\n");
        -:  125:        //increment fail count
    #####:  126:        fCount++;
        -:  127:    }
        -:  128:    
    #####:  129:    printf("\n**** TEST 6: Confirm correct count of curse cards for 2 players ****\n");
        -:  130:    
    #####:  131:    printf("    Expected result: 10\n");
        -:  132:    
        -:  133:    //reset variables
    #####:  134:    curState = newGame();
    #####:  135:    result = 0;
    #####:  136:    result = initializeGame(2, k, seed, curState);
    #####:  137:    curseCount = curState->supplyCount[curse];
        -:  138:    
    #####:  139:    if (result == 0 && curseCount == 10){
branch  0 never executed
branch  1 never executed
branch  2 never executed
branch  3 never executed
    #####:  140:        printf("    Actual result  : %d\n",curseCount);
    #####:  141:        printf("    PASSED!\n");
    #####:  142:    }
        -:  143:    else {
    #####:  144:        printf("    Actual result  : %d\n",curseCount);
    #####:  145:        printf("    FAILED\n");
        -:  146:        //increment fail count
    #####:  147:        fCount++;
        -:  148:    }
        -:  149:    
    #####:  150:    printf("\n\n************************* TESTING COMPLETE *************************\n");
        -:  151:    
    #####:  152:    if (fCount > 0){
branch  0 never executed
branch  1 never executed
    #####:  153:        printf("\n                      %d OF THE TESTS FAILED!\n\n", fCount);
    #####:  154:    }
        -:  155:    else
    #####:  156:        printf("\n                      ALL TESTS WERE PASSED!!\n\n");
    #####:  157:}
        -:  158:
