        -:    0:Source:unittest2.c
        -:    0:Graph:unittest2.gcno
        -:    0:Data:-
        -:    0:Runs:0
        -:    0:Programs:0
        -:    1:#include "dominion.h"
        -:    2:#include "dominion_helpers.h"
        -:    3:#include <stdio.h>
        -:    4:#include "rngs.h"
        -:    5:#include <stdlib.h>
        -:    6:#include <assert.h>
        -:    7:#include <math.h>
        -:    8:
function main called 0 returned 0% blocks executed 0%
        -:    9:int main (int argc, char** argv){
        -:   10:    
        -:   11:    //define variables
        -:   12:    struct gameState* curState;
        -:   13:    
    #####:   14:    int k[10] = {adventurer, council_room, feast, gardens, mine, remodel, smithy, village, baron};
        -:   15:    
    #####:   16:    int seed = 2;
    #####:   17:    int result = 0;
    #####:   18:    int fCount = 0;
        -:   19:    
        -:   20:    
    #####:   21:    printf("\n********************************************************************\n");
    #####:   22:    printf("********************************************************************\n\n");
    #####:   23:    printf("                            UNIT TEST 2                             \n");
    #####:   24:    printf("                    Testing Function:  shuffle()                    \n\n");
    #####:   25:    printf("********************************************************************\n");
    #####:   26:    printf("********************************************************************\n\n\n");
        -:   27:    
    #####:   28:    printf("***************** TEST 1: Passing valid parameters *****************\n");
        -:   29:    
    #####:   30:    curState = newGame();
    #####:   31:    initializeGame(2, k, seed, curState);
    #####:   32:    result = shuffle(1, curState);
        -:   33:    
    #####:   34:    printf("    Expected result: 0\n");
        -:   35:    
    #####:   36:    if (result == 0) {
branch  0 never executed
branch  1 never executed
    #####:   37:        printf("    Actual result  : %d\n",result);
    #####:   38:        printf("    PASSED!\n");
    #####:   39:    }
        -:   40:    else{
    #####:   41:        printf("    Actual result  : %d\n",result);
    #####:   42:        printf("    FAILED\n");
        -:   43:        //increment fail count
    #####:   44:        fCount++;
        -:   45:    }
        -:   46:    
    #####:   47:    printf("\n**************** TEST 2:  Non existant player  ******************\n");
        -:   48:    
    #####:   49:    printf("    Expected result: -1\n");
        -:   50:    
        -:   51:    //reset variables
    #####:   52:    curState = newGame();
    #####:   53:    result = shuffle(3, curState);
        -:   54:    
    #####:   55:    if (result == -1) {
branch  0 never executed
branch  1 never executed
    #####:   56:        printf("    Actual result  : %d\n",result);
    #####:   57:        printf("    PASSED!\n");
    #####:   58:    }
        -:   59:    else{
    #####:   60:        printf("    Actual result  : %d\n",result);
    #####:   61:        printf("    FAILED\n");
        -:   62:        //increment fail count
    #####:   63:        fCount++;
        -:   64:    }
        -:   65:    
    #####:   66:    printf("\n\n************************* TESTING COMPLETE *************************\n");
        -:   67:    
    #####:   68:    if (fCount > 0){
branch  0 never executed
branch  1 never executed
    #####:   69:        printf("\n                      %d OF THE TESTS FAILED!\n\n", fCount);
    #####:   70:    }
        -:   71:    else
    #####:   72:        printf("\n                      ALL TESTS WERE PASSED!!\n\n");
    #####:   73:}
        -:   74:
        -:   75:
